[INFO] Running command /usr/local/bin/infer --reactive -- ./gradlew build
[INFO] Path to infer script /usr/local/bin/infer (/usr/local/Cellar/infer/0.8.1/libexec/infer/lib/python/infer)
[INFO] Infer version v0.8.1
Copyright 2009 - present Facebook. All Rights Reserved.


[INFO] Platform: Darwin-15.5.0-x86_64-i386-64bit
[INFO] PATH=/Users/abdelrahman/.rvm/gems/ruby-2.3.0/bin:/Users/abdelrahman/.rvm/gems/ruby-2.3.0@global/bin:/Users/abdelrahman/.rvm/rubies/ruby-2.3.0/bin:/usr/local/bin:/usr/bin:/bin:/usr/sbin:/sbin:/Users/abdelrahman/.rvm/gems/ruby-2.3.0/bin:/Users/abdelrahman/.rvm/gems/ruby-2.3.0@global/bin:/Users/abdelrahman/.rvm/rubies/ruby-2.3.0/bin:/usr/local/bin:/usr/bin:/bin:/usr/sbin:/sbin:/Users/abdelrahman/.rvm/bin:/usr/local/bin::/Users/abdelrahman/.rvm/bin:/Users/abdelrahman/.rvm/bin
[INFO] SHELL=/bin/bash
[INFO] PWD=/Users/abdelrahman/Downloads/infer-master/examples/android_hello
[INFO] output of locale.getdefaultlocale(): ('en_US', 'UTF-8')
[INFO] encoding we chose in the end: UTF-8
[INFO] Running with:

------------------------------------------------------------
Gradle 2.2.1
------------------------------------------------------------

Build time:   2014-11-24 09:45:35 UTC
Build number: none
Revision:     6fcb59c06f43a4e6b1bcb401f7686a8601a1fb4a

Groovy:       2.3.6
Ant:          Apache Ant(TM) version 1.9.3 compiled on December 23 2013
JVM:          1.8.0_101 (Oracle Corporation 25.101-b13)
OS:           Mac OS X 10.11.5 x86_64


[INFO] Capture phase was successful
[INFO] Starting analysis
